s /etc/mtab
s /etc/os-release
s /etc/resolv.conf
s /etc/rmt
s /etc/vconsole.conf
s /etc/vtrgb
d /etc/ModemManager/connection.d
d /etc/ModemManager/fcc-unlock.d
d /etc/ModemManager
A /etc/PackageKit/PackageKit.conf
A /etc/PackageKit/Vendor.conf
d /etc/PackageKit
A /etc/X11/Xsession.d/20dbus_xdg-runtime
A /etc/X11/Xsession.d/90gpg-agent
d /etc/X11/Xsession.d
d /etc/X11/xkb
d /etc/X11
s /etc/alternatives/arptables
s /etc/alternatives/arptables-restore
s /etc/alternatives/arptables-save
s /etc/alternatives/awk
s /etc/alternatives/awk.1.gz
s /etc/alternatives/builtins.7.gz
s /etc/alternatives/ebtables
s /etc/alternatives/ebtables-restore
s /etc/alternatives/ebtables-save
s /etc/alternatives/editor
s /etc/alternatives/editor.1.gz
s /etc/alternatives/ex
s /etc/alternatives/ex.1.gz
s /etc/alternatives/ex.da.1.gz
s /etc/alternatives/ex.de.1.gz
s /etc/alternatives/ex.fr.1.gz
s /etc/alternatives/ex.it.1.gz
s /etc/alternatives/ex.ja.1.gz
s /etc/alternatives/ex.pl.1.gz
s /etc/alternatives/ex.ru.1.gz
s /etc/alternatives/ex.tr.1.gz
s /etc/alternatives/ftp
s /etc/alternatives/ftp.1.gz
s /etc/alternatives/infobrowser
s /etc/alternatives/infobrowser.1.gz
s /etc/alternatives/ip6tables
s /etc/alternatives/ip6tables-restore
s /etc/alternatives/ip6tables-save
s /etc/alternatives/iptables
s /etc/alternatives/iptables-restore
s /etc/alternatives/iptables-save
s /etc/alternatives/jsondiff
s /etc/alternatives/lzcat
s /etc/alternatives/lzcat.1.gz
s /etc/alternatives/lzcmp
s /etc/alternatives/lzcmp.1.gz
s /etc/alternatives/lzdiff
s /etc/alternatives/lzdiff.1.gz
s /etc/alternatives/lzegrep
s /etc/alternatives/lzegrep.1.gz
s /etc/alternatives/lzfgrep
s /etc/alternatives/lzfgrep.1.gz
s /etc/alternatives/lzgrep
s /etc/alternatives/lzgrep.1.gz
s /etc/alternatives/lzless
s /etc/alternatives/lzless.1.gz
s /etc/alternatives/lzma
s /etc/alternatives/lzma.1.gz
s /etc/alternatives/lzmore
s /etc/alternatives/lzmore.1.gz
s /etc/alternatives/mt
s /etc/alternatives/mt.1.gz
s /etc/alternatives/nawk
s /etc/alternatives/nawk.1.gz
s /etc/alternatives/nc
s /etc/alternatives/nc.1.gz
s /etc/alternatives/netcat
s /etc/alternatives/netcat.1.gz
s /etc/alternatives/newt-palette
s /etc/alternatives/pager
s /etc/alternatives/pager.1.gz
s /etc/alternatives/pico
s /etc/alternatives/pico.1.gz
s /etc/alternatives/pinentry
s /etc/alternatives/pinentry.1.gz
s /etc/alternatives/pybabel
s /etc/alternatives/rmt
s /etc/alternatives/rmt.8.gz
s /etc/alternatives/rview
s /etc/alternatives/rvim
s /etc/alternatives/sar
s /etc/alternatives/sar.1.gz
s /etc/alternatives/telnet
s /etc/alternatives/telnet.1.gz
s /etc/alternatives/text.plymouth
s /etc/alternatives/unlzma
s /etc/alternatives/unlzma.1.gz
s /etc/alternatives/vi
s /etc/alternatives/vi.1.gz
s /etc/alternatives/vi.da.1.gz
s /etc/alternatives/vi.de.1.gz
s /etc/alternatives/vi.fr.1.gz
s /etc/alternatives/vi.it.1.gz
s /etc/alternatives/vi.ja.1.gz
s /etc/alternatives/vi.pl.1.gz
s /etc/alternatives/vi.ru.1.gz
s /etc/alternatives/vi.tr.1.gz
s /etc/alternatives/view
s /etc/alternatives/view.1.gz
s /etc/alternatives/view.da.1.gz
s /etc/alternatives/view.de.1.gz
s /etc/alternatives/view.fr.1.gz
s /etc/alternatives/view.it.1.gz
s /etc/alternatives/view.ja.1.gz
s /etc/alternatives/view.pl.1.gz
s /etc/alternatives/view.ru.1.gz
s /etc/alternatives/view.tr.1.gz
s /etc/alternatives/vim
s /etc/alternatives/vimdiff
s /etc/alternatives/vtrgb
s /etc/alternatives/which
s /etc/alternatives/which.1.gz
s /etc/alternatives/which.de1.gz
s /etc/alternatives/which.es1.gz
s /etc/alternatives/which.fr1.gz
s /etc/alternatives/which.it1.gz
s /etc/alternatives/which.ja1.gz
s /etc/alternatives/which.pl1.gz
s /etc/alternatives/which.sl1.gz
A /etc/alternatives/README
d /etc/alternatives
A /etc/apparmor.d/abi/3.0
A /etc/apparmor.d/abi/4.0
A /etc/apparmor.d/abi/kernel-5.4-outoftree-network
A /etc/apparmor.d/abi/kernel-5.4-vanilla
d /etc/apparmor.d/abi
A /etc/apparmor.d/abstractions/apparmor_api/change_profile
A /etc/apparmor.d/abstractions/apparmor_api/examine
A /etc/apparmor.d/abstractions/apparmor_api/find_mountpoint
A /etc/apparmor.d/abstractions/apparmor_api/introspect
A /etc/apparmor.d/abstractions/apparmor_api/is_enabled
d /etc/apparmor.d/abstractions/apparmor_api
A /etc/apparmor.d/abstractions/ubuntu-browsers.d/chromium-browser
A /etc/apparmor.d/abstractions/ubuntu-browsers.d/java
A /etc/apparmor.d/abstractions/ubuntu-browsers.d/kde
A /etc/apparmor.d/abstractions/ubuntu-browsers.d/mailto
A /etc/apparmor.d/abstractions/ubuntu-browsers.d/multimedia
A /etc/apparmor.d/abstractions/ubuntu-browsers.d/plugins-common
A /etc/apparmor.d/abstractions/ubuntu-browsers.d/productivity
A /etc/apparmor.d/abstractions/ubuntu-browsers.d/text-editors
A /etc/apparmor.d/abstractions/ubuntu-browsers.d/ubuntu-integration
A /etc/apparmor.d/abstractions/ubuntu-browsers.d/ubuntu-integration-xul
A /etc/apparmor.d/abstractions/ubuntu-browsers.d/user-files
d /etc/apparmor.d/abstractions/ubuntu-browsers.d
A /etc/apparmor.d/abstractions/X
A /etc/apparmor.d/abstractions/apache2-common
A /etc/apparmor.d/abstractions/aspell
A /etc/apparmor.d/abstractions/audio
A /etc/apparmor.d/abstractions/authentication
A /etc/apparmor.d/abstractions/base
A /etc/apparmor.d/abstractions/bash
A /etc/apparmor.d/abstractions/consoles
A /etc/apparmor.d/abstractions/crypto
A /etc/apparmor.d/abstractions/cups-client
A /etc/apparmor.d/abstractions/dbus
A /etc/apparmor.d/abstractions/dbus-accessibility
A /etc/apparmor.d/abstractions/dbus-accessibility-strict
A /etc/apparmor.d/abstractions/dbus-network-manager-strict
A /etc/apparmor.d/abstractions/dbus-session
A /etc/apparmor.d/abstractions/dbus-session-strict
A /etc/apparmor.d/abstractions/dbus-strict
A /etc/apparmor.d/abstractions/dconf
A /etc/apparmor.d/abstractions/dovecot-common
A /etc/apparmor.d/abstractions/dri-common
A /etc/apparmor.d/abstractions/dri-enumerate
A /etc/apparmor.d/abstractions/enchant
A /etc/apparmor.d/abstractions/exo-open
A /etc/apparmor.d/abstractions/fcitx
A /etc/apparmor.d/abstractions/fcitx-strict
A /etc/apparmor.d/abstractions/fonts
A /etc/apparmor.d/abstractions/freedesktop.org
A /etc/apparmor.d/abstractions/gio-open
A /etc/apparmor.d/abstractions/gnome
A /etc/apparmor.d/abstractions/gnupg
A /etc/apparmor.d/abstractions/groff
A /etc/apparmor.d/abstractions/gtk
A /etc/apparmor.d/abstractions/gvfs-open
A /etc/apparmor.d/abstractions/hosts_access
A /etc/apparmor.d/abstractions/ibus
A /etc/apparmor.d/abstractions/kde
A /etc/apparmor.d/abstractions/kde-globals-write
A /etc/apparmor.d/abstractions/kde-icon-cache-write
A /etc/apparmor.d/abstractions/kde-language-write
A /etc/apparmor.d/abstractions/kde-open5
A /etc/apparmor.d/abstractions/kerberosclient
A /etc/apparmor.d/abstractions/ldapclient
A /etc/apparmor.d/abstractions/libpam-systemd
A /etc/apparmor.d/abstractions/likewise
A /etc/apparmor.d/abstractions/mdns
A /etc/apparmor.d/abstractions/mesa
A /etc/apparmor.d/abstractions/mir
A /etc/apparmor.d/abstractions/mozc
A /etc/apparmor.d/abstractions/mysql
A /etc/apparmor.d/abstractions/nameservice
A /etc/apparmor.d/abstractions/nis
A /etc/apparmor.d/abstractions/nss-systemd
A /etc/apparmor.d/abstractions/nvidia
A /etc/apparmor.d/abstractions/opencl
A /etc/apparmor.d/abstractions/opencl-common
A /etc/apparmor.d/abstractions/opencl-intel
A /etc/apparmor.d/abstractions/opencl-mesa
A /etc/apparmor.d/abstractions/opencl-nvidia
A /etc/apparmor.d/abstractions/opencl-pocl
A /etc/apparmor.d/abstractions/openssl
A /etc/apparmor.d/abstractions/orbit2
A /etc/apparmor.d/abstractions/p11-kit
A /etc/apparmor.d/abstractions/perl
A /etc/apparmor.d/abstractions/php
A /etc/apparmor.d/abstractions/php-worker
A /etc/apparmor.d/abstractions/php5
A /etc/apparmor.d/abstractions/postfix-common
A /etc/apparmor.d/abstractions/private-files
A /etc/apparmor.d/abstractions/private-files-strict
A /etc/apparmor.d/abstractions/python
A /etc/apparmor.d/abstractions/qt5
A /etc/apparmor.d/abstractions/qt5-compose-cache-write
A /etc/apparmor.d/abstractions/qt5-settings-write
A /etc/apparmor.d/abstractions/recent-documents-write
A /etc/apparmor.d/abstractions/ruby
A /etc/apparmor.d/abstractions/samba
A /etc/apparmor.d/abstractions/samba-rpcd
A /etc/apparmor.d/abstractions/smbpass
A /etc/apparmor.d/abstractions/snap_browsers
A /etc/apparmor.d/abstractions/ssl_certs
A /etc/apparmor.d/abstractions/ssl_keys
A /etc/apparmor.d/abstractions/svn-repositories
A /etc/apparmor.d/abstractions/transmission-common
A /etc/apparmor.d/abstractions/trash
A /etc/apparmor.d/abstractions/ubuntu-bittorrent-clients
A /etc/apparmor.d/abstractions/ubuntu-browsers
A /etc/apparmor.d/abstractions/ubuntu-console-browsers
A /etc/apparmor.d/abstractions/ubuntu-console-email
A /etc/apparmor.d/abstractions/ubuntu-email
A /etc/apparmor.d/abstractions/ubuntu-feed-readers
A /etc/apparmor.d/abstractions/ubuntu-gnome-terminal
A /etc/apparmor.d/abstractions/ubuntu-helpers
A /etc/apparmor.d/abstractions/ubuntu-konsole
A /etc/apparmor.d/abstractions/ubuntu-media-players
A /etc/apparmor.d/abstractions/ubuntu-unity7-base
A /etc/apparmor.d/abstractions/ubuntu-unity7-launcher
A /etc/apparmor.d/abstractions/ubuntu-unity7-messaging
A /etc/apparmor.d/abstractions/ubuntu-xterm
A /etc/apparmor.d/abstractions/user-download
A /etc/apparmor.d/abstractions/user-mail
A /etc/apparmor.d/abstractions/user-manpages
A /etc/apparmor.d/abstractions/user-tmp
A /etc/apparmor.d/abstractions/user-write
A /etc/apparmor.d/abstractions/video
A /etc/apparmor.d/abstractions/vulkan
A /etc/apparmor.d/abstractions/wayland
A /etc/apparmor.d/abstractions/web-data
A /etc/apparmor.d/abstractions/winbind
A /etc/apparmor.d/abstractions/wutmp
A /etc/apparmor.d/abstractions/xad
A /etc/apparmor.d/abstractions/xdg-desktop
A /etc/apparmor.d/abstractions/xdg-open
d /etc/apparmor.d/abstractions
d /etc/apparmor.d/disable
d /etc/apparmor.d/force-complain
A /etc/apparmor.d/local/README
A /etc/apparmor.d/local/lsb_release
A /etc/apparmor.d/local/nvidia_modprobe
A /etc/apparmor.d/local/ubuntu_pro_apt_news
A /etc/apparmor.d/local/ubuntu_pro_esm_cache
A /etc/apparmor.d/local/usr.bin.man
A /etc/apparmor.d/local/usr.bin.tcpdump
A /etc/apparmor.d/local/usr.lib.snapd.snap-confine.real
A /etc/apparmor.d/local/usr.sbin.rsyslogd
d /etc/apparmor.d/local
A /etc/apparmor.d/rsyslog.d/README
d /etc/apparmor.d/rsyslog.d
A /etc/apparmor.d/tunables/home.d/site.local
A /etc/apparmor.d/tunables/home.d/ubuntu
d /etc/apparmor.d/tunables/home.d
A /etc/apparmor.d/tunables/multiarch.d/site.local
d /etc/apparmor.d/tunables/multiarch.d
A /etc/apparmor.d/tunables/xdg-user-dirs.d/site.local
d /etc/apparmor.d/tunables/xdg-user-dirs.d
A /etc/apparmor.d/tunables/alias
A /etc/apparmor.d/tunables/apparmorfs
A /etc/apparmor.d/tunables/dovecot
A /etc/apparmor.d/tunables/etc
A /etc/apparmor.d/tunables/global
A /etc/apparmor.d/tunables/home
A /etc/apparmor.d/tunables/kernelvars
A /etc/apparmor.d/tunables/multiarch
A /etc/apparmor.d/tunables/proc
A /etc/apparmor.d/tunables/run
A /etc/apparmor.d/tunables/securityfs
A /etc/apparmor.d/tunables/share
A /etc/apparmor.d/tunables/sys
A /etc/apparmor.d/tunables/xdg-user-dirs
d /etc/apparmor.d/tunables
A /etc/apparmor.d/1password
A /etc/apparmor.d/Discord
A /etc/apparmor.d/MongoDB_Compass
A /etc/apparmor.d/QtWebEngineProcess
A /etc/apparmor.d/balena-etcher
A /etc/apparmor.d/brave
A /etc/apparmor.d/buildah
A /etc/apparmor.d/busybox
A /etc/apparmor.d/cam
A /etc/apparmor.d/ch-checkns
A /etc/apparmor.d/ch-run
A /etc/apparmor.d/chrome
A /etc/apparmor.d/code
A /etc/apparmor.d/crun
A /etc/apparmor.d/devhelp
A /etc/apparmor.d/element-desktop
A /etc/apparmor.d/epiphany
A /etc/apparmor.d/evolution
A /etc/apparmor.d/firefox
A /etc/apparmor.d/flatpak
A /etc/apparmor.d/foliate
A /etc/apparmor.d/geary
A /etc/apparmor.d/github-desktop
A /etc/apparmor.d/goldendict
A /etc/apparmor.d/ipa_verify
A /etc/apparmor.d/kchmviewer
A /etc/apparmor.d/keybase
A /etc/apparmor.d/lc-compliance
A /etc/apparmor.d/libcamerify
A /etc/apparmor.d/linux-sandbox
A /etc/apparmor.d/loupe
A /etc/apparmor.d/lsb_release
A /etc/apparmor.d/lxc-attach
A /etc/apparmor.d/lxc-create
A /etc/apparmor.d/lxc-destroy
A /etc/apparmor.d/lxc-execute
A /etc/apparmor.d/lxc-stop
A /etc/apparmor.d/lxc-unshare
A /etc/apparmor.d/lxc-usernsexec
A /etc/apparmor.d/mmdebstrap
A /etc/apparmor.d/msedge
A /etc/apparmor.d/nautilus
A /etc/apparmor.d/notepadqq
A /etc/apparmor.d/nvidia_modprobe
A /etc/apparmor.d/obsidian
A /etc/apparmor.d/opam
A /etc/apparmor.d/opera
A /etc/apparmor.d/pageedit
A /etc/apparmor.d/plasmashell
A /etc/apparmor.d/podman
A /etc/apparmor.d/polypane
A /etc/apparmor.d/privacybrowser
A /etc/apparmor.d/qcam
A /etc/apparmor.d/qmapshack
A /etc/apparmor.d/qutebrowser
A /etc/apparmor.d/rootlesskit
A /etc/apparmor.d/rpm
A /etc/apparmor.d/rssguard
A /etc/apparmor.d/runc
A /etc/apparmor.d/sbuild
A /etc/apparmor.d/sbuild-abort
A /etc/apparmor.d/sbuild-adduser
A /etc/apparmor.d/sbuild-apt
A /etc/apparmor.d/sbuild-checkpackages
A /etc/apparmor.d/sbuild-clean
A /etc/apparmor.d/sbuild-createchroot
A /etc/apparmor.d/sbuild-destroychroot
A /etc/apparmor.d/sbuild-distupgrade
A /etc/apparmor.d/sbuild-hold
A /etc/apparmor.d/sbuild-shell
A /etc/apparmor.d/sbuild-unhold
A /etc/apparmor.d/sbuild-update
A /etc/apparmor.d/sbuild-upgrade
A /etc/apparmor.d/scide
A /etc/apparmor.d/signal-desktop
A /etc/apparmor.d/slack
A /etc/apparmor.d/slirp4netns
A /etc/apparmor.d/steam
A /etc/apparmor.d/stress-ng
A /etc/apparmor.d/surfshark
A /etc/apparmor.d/systemd-coredump
A /etc/apparmor.d/thunderbird
A /etc/apparmor.d/toybox
A /etc/apparmor.d/transmission
A /etc/apparmor.d/trinity
A /etc/apparmor.d/tup
A /etc/apparmor.d/tuxedo-control-center
A /etc/apparmor.d/ubuntu_pro_apt_news
A /etc/apparmor.d/ubuntu_pro_esm_cache
A /etc/apparmor.d/unix-chkpwd
A /etc/apparmor.d/unprivileged_userns
A /etc/apparmor.d/userbindmount
A /etc/apparmor.d/usr.bin.man
A /etc/apparmor.d/usr.bin.tcpdump
A /etc/apparmor.d/usr.lib.snapd.snap-confine.real
A /etc/apparmor.d/usr.sbin.rsyslogd
A /etc/apparmor.d/uwsgi-core
A /etc/apparmor.d/vdens
A /etc/apparmor.d/virtiofsd
A /etc/apparmor.d/vivaldi-bin
A /etc/apparmor.d/vpnns
A /etc/apparmor.d/wike
A /etc/apparmor.d/wpcom
d /etc/apparmor.d
A /etc/apparmor/parser.conf
d /etc/apparmor
A /etc/apport/report-ignore/README.denylist
d /etc/apport/report-ignore
A /etc/apport/crashdb.conf
d /etc/apport
A /etc/apt/apt.conf.d/01-vendor-ubuntu
A /etc/apt/apt.conf.d/01autoremove
A /etc/apt/apt.conf.d/10periodic
A /etc/apt/apt.conf.d/15update-stamp
A /etc/apt/apt.conf.d/20apt-esm-hook.conf
A /etc/apt/apt.conf.d/20archive
A /etc/apt/apt.conf.d/20auto-upgrades
A /etc/apt/apt.conf.d/20packagekit
A /etc/apt/apt.conf.d/20snapd.conf
A /etc/apt/apt.conf.d/50appstream
A /etc/apt/apt.conf.d/50command-not-found
A /etc/apt/apt.conf.d/50unattended-upgrades
A /etc/apt/apt.conf.d/70debconf
A /etc/apt/apt.conf.d/99needrestart
A /etc/apt/apt.conf.d/99update-notifier
d /etc/apt/apt.conf.d
d /etc/apt/auth.conf.d
d /etc/apt/keyrings
A /etc/apt/preferences.d.save/ubuntu-pro-esm-apps
A /etc/apt/preferences.d.save/ubuntu-pro-esm-infra
d /etc/apt/preferences.d.save
A /etc/apt/preferences.d/ubuntu-pro-esm-apps
A /etc/apt/preferences.d/ubuntu-pro-esm-infra
d /etc/apt/preferences.d
A /etc/apt/sources.list.d/ubuntu.sources.curtin.orig
A /etc/apt/sources.list.d/ubuntu.sources
d /etc/apt/sources.list.d
A /etc/apt/trusted.gpg.d/ubuntu-keyring-2012-cdimage.gpg
A /etc/apt/trusted.gpg.d/ubuntu-keyring-2018-archive.gpg
d /etc/apt/trusted.gpg.d
A /etc/apt/sources.list
d /etc/apt
A /etc/bash_completion.d/git-prompt
d /etc/bash_completion.d
d /etc/binfmt.d
A /etc/byobu/backend
A /etc/byobu/socketdir
d /etc/byobu
d /etc/ca-certificates/update.d
d /etc/ca-certificates
A /etc/cloud/clean.d/99-installer
d /etc/cloud/clean.d
A /etc/cloud/cloud.cfg.d/05_logging.cfg
A /etc/cloud/cloud.cfg.d/90_dpkg.cfg
A /etc/cloud/cloud.cfg.d/README
A /etc/cloud/cloud.cfg.d/curtin-preserve-sources.cfg
A /etc/cloud/cloud.cfg.d/90-installer-network.cfg
A /etc/cloud/cloud.cfg.d/20-disable-cc-dpkg-grub.cfg
A /etc/cloud/cloud.cfg.d/99-installer.cfg
d /etc/cloud/cloud.cfg.d
A /etc/cloud/templates/chef_client.rb.tmpl
A /etc/cloud/templates/chrony.conf.almalinux.tmpl
A /etc/cloud/templates/chrony.conf.alpine.tmpl
A /etc/cloud/templates/chrony.conf.centos.tmpl
A /etc/cloud/templates/chrony.conf.cloudlinux.tmpl
A /etc/cloud/templates/chrony.conf.cos.tmpl
A /etc/cloud/templates/chrony.conf.debian.tmpl
A /etc/cloud/templates/chrony.conf.fedora.tmpl
A /etc/cloud/templates/chrony.conf.freebsd.tmpl
A /etc/cloud/templates/chrony.conf.opensuse-leap.tmpl
A /etc/cloud/templates/chrony.conf.opensuse-microos.tmpl
A /etc/cloud/templates/chrony.conf.opensuse-tumbleweed.tmpl
A /etc/cloud/templates/chrony.conf.opensuse.tmpl
A /etc/cloud/templates/chrony.conf.photon.tmpl
A /etc/cloud/templates/chrony.conf.rhel.tmpl
A /etc/cloud/templates/chrony.conf.rocky.tmpl
A /etc/cloud/templates/chrony.conf.sle-micro.tmpl
A /etc/cloud/templates/chrony.conf.sle_hpc.tmpl
A /etc/cloud/templates/chrony.conf.sles.tmpl
A /etc/cloud/templates/chrony.conf.ubuntu.tmpl
A /etc/cloud/templates/hosts.alpine.tmpl
A /etc/cloud/templates/hosts.aosc.tmpl
A /etc/cloud/templates/hosts.arch.tmpl
A /etc/cloud/templates/hosts.azurelinux.tmpl
A /etc/cloud/templates/hosts.debian.tmpl
A /etc/cloud/templates/hosts.freebsd.tmpl
A /etc/cloud/templates/hosts.gentoo.tmpl
A /etc/cloud/templates/hosts.mariner.tmpl
A /etc/cloud/templates/hosts.photon.tmpl
A /etc/cloud/templates/hosts.redhat.tmpl
A /etc/cloud/templates/hosts.suse.tmpl
A /etc/cloud/templates/ntp.conf.almalinux.tmpl
A /etc/cloud/templates/ntp.conf.alpine.tmpl
A /etc/cloud/templates/ntp.conf.cloudlinux.tmpl
A /etc/cloud/templates/ntp.conf.debian.tmpl
A /etc/cloud/templates/ntp.conf.fedora.tmpl
A /etc/cloud/templates/ntp.conf.freebsd.tmpl
A /etc/cloud/templates/ntp.conf.opensuse.tmpl
A /etc/cloud/templates/ntp.conf.photon.tmpl
A /etc/cloud/templates/ntp.conf.rhel.tmpl
A /etc/cloud/templates/ntp.conf.rocky.tmpl
A /etc/cloud/templates/ntp.conf.sles.tmpl
A /etc/cloud/templates/ntp.conf.ubuntu.tmpl
A /etc/cloud/templates/ntpd.conf.openbsd.tmpl
A /etc/cloud/templates/resolv.conf.tmpl
A /etc/cloud/templates/sources.list.debian.deb822.tmpl
A /etc/cloud/templates/sources.list.debian.tmpl
A /etc/cloud/templates/sources.list.ubuntu.deb822.tmpl
A /etc/cloud/templates/sources.list.ubuntu.tmpl
A /etc/cloud/templates/systemd.resolved.conf.tmpl
A /etc/cloud/templates/timesyncd.conf.tmpl
d /etc/cloud/templates
A /etc/cloud/cloud-init.disabled
A /etc/cloud/cloud.cfg
A /etc/cloud/ds-identify.cfg
d /etc/cloud
A /etc/console-setup/ISO-8859-1.acm
A /etc/console-setup/Uni2-Fixed16.psf.gz
A /etc/console-setup/cached_ISO-8859-1.acm.gz
A /etc/console-setup/cached_ISO-8859-1_del.kmap.gz
A /etc/console-setup/cached_UTF-8_del.kmap.gz
A /etc/console-setup/cached_Uni2-Fixed16.psf.gz
A /etc/console-setup/cached_setup_font.sh
A /etc/console-setup/cached_setup_keyboard.sh
A /etc/console-setup/cached_setup_terminal.sh
A /etc/console-setup/compose.ARMSCII-8.inc
A /etc/console-setup/compose.CP1251.inc
A /etc/console-setup/compose.CP1255.inc
A /etc/console-setup/compose.CP1256.inc
A /etc/console-setup/compose.GEORGIAN-ACADEMY.inc
A /etc/console-setup/compose.GEORGIAN-PS.inc
A /etc/console-setup/compose.IBM1133.inc
A /etc/console-setup/compose.ISIRI-3342.inc
A /etc/console-setup/compose.ISO-8859-1.inc
A /etc/console-setup/compose.ISO-8859-10.inc
A /etc/console-setup/compose.ISO-8859-11.inc
A /etc/console-setup/compose.ISO-8859-13.inc
A /etc/console-setup/compose.ISO-8859-14.inc
A /etc/console-setup/compose.ISO-8859-15.inc
A /etc/console-setup/compose.ISO-8859-16.inc
A /etc/console-setup/compose.ISO-8859-2.inc
A /etc/console-setup/compose.ISO-8859-3.inc
A /etc/console-setup/compose.ISO-8859-4.inc
A /etc/console-setup/compose.ISO-8859-5.inc
A /etc/console-setup/compose.ISO-8859-6.inc
A /etc/console-setup/compose.ISO-8859-7.inc
A /etc/console-setup/compose.ISO-8859-8.inc
A /etc/console-setup/compose.ISO-8859-9.inc
A /etc/console-setup/compose.KOI8-R.inc
A /etc/console-setup/compose.KOI8-U.inc
A /etc/console-setup/compose.TIS-620.inc
A /etc/console-setup/compose.VISCII.inc
A /etc/console-setup/remap.inc
A /etc/console-setup/vtrgb
A /etc/console-setup/vtrgb.vga
d /etc/console-setup
d /etc/credstore.encrypted
d /etc/credstore
A /etc/cron.d/.placeholder
A /etc/cron.d/e2scrub_all
A /etc/cron.d/sysstat
d /etc/cron.d
A /etc/cron.daily/.placeholder
A /etc/cron.daily/apport
A /etc/cron.daily/apt-compat
A /etc/cron.daily/dpkg
A /etc/cron.daily/logrotate
A /etc/cron.daily/man-db
A /etc/cron.daily/sysstat
d /etc/cron.daily
A /etc/cron.hourly/.placeholder
d /etc/cron.hourly
A /etc/cron.monthly/.placeholder
d /etc/cron.monthly
A /etc/cron.weekly/.placeholder
A /etc/cron.weekly/man-db
d /etc/cron.weekly
A /etc/cron.yearly/.placeholder
d /etc/cron.yearly
A /etc/cryptsetup-initramfs/conf-hook
d /etc/cryptsetup-initramfs
d /etc/dbus-1/session.d
A /etc/dbus-1/system.d/com.ubuntu.SoftwareProperties.conf
d /etc/dbus-1/system.d
d /etc/dbus-1
s /etc/default/locale
A /etc/default/apport
A /etc/default/console-setup
A /etc/default/cron
A /etc/default/cryptdisks
A /etc/default/dbus
A /etc/default/keyboard
A /etc/default/mdadm
A /etc/default/motd-news
A /etc/default/networkd-dispatcher
A /etc/default/open-iscsi
A /etc/default/pollinate
A /etc/default/rsync
A /etc/default/sysstat
A /etc/default/ufw
A /etc/default/useradd
d /etc/default/grub.d
A /etc/default/grub.ucf-dist
A /etc/default/intel-microcode
A /etc/default/amd64-microcode
A /etc/default/grub
A /etc/default/rpcbind
A /etc/default/ssh
A /etc/default/nfs-common
d /etc/default
A /etc/depmod.d/ubuntu.conf
d /etc/depmod.d
A /etc/dhcp/dhclient-exit-hooks.d/timesyncd
d /etc/dhcp/dhclient-exit-hooks.d
d /etc/dhcp
A /etc/dpkg/dpkg.cfg.d/needrestart
d /etc/dpkg/dpkg.cfg.d
s /etc/dpkg/origins/default
A /etc/dpkg/origins/debian
A /etc/dpkg/origins/ubuntu
d /etc/dpkg/origins
A /etc/dpkg/dpkg.cfg
d /etc/dpkg
A /etc/fwupd/bios-settings.d/README.md
d /etc/fwupd/bios-settings.d
A /etc/fwupd/remotes.d/lvfs-testing.conf
A /etc/fwupd/remotes.d/lvfs.conf
A /etc/fwupd/remotes.d/vendor-directory.conf
d /etc/fwupd/remotes.d
A /etc/fwupd/fwupd.conf
d /etc/fwupd
A /etc/gnutls/config
d /etc/gnutls
A /etc/groff/man.local
A /etc/groff/mdoc.local
d /etc/groff
A /etc/grub.d/35_fwupd
A /etc/grub.d/00_header
A /etc/grub.d/05_debian_theme
A /etc/grub.d/10_linux
A /etc/grub.d/10_linux_zfs
A /etc/grub.d/20_linux_xen
A /etc/grub.d/25_bli
A /etc/grub.d/30_os-prober
A /etc/grub.d/30_uefi-firmware
A /etc/grub.d/40_custom
A /etc/grub.d/41_custom
A /etc/grub.d/README
d /etc/grub.d
d /etc/gss/mech.d
d /etc/gss
A /etc/init.d/apparmor
A /etc/init.d/apport
A /etc/init.d/console-setup.sh
A /etc/init.d/cron
A /etc/init.d/cryptdisks
A /etc/init.d/cryptdisks-early
A /etc/init.d/dbus
A /etc/init.d/iscsid
A /etc/init.d/keyboard-setup.sh
A /etc/init.d/kmod
A /etc/init.d/open-iscsi
A /etc/init.d/open-vm-tools
A /etc/init.d/plymouth
A /etc/init.d/plymouth-log
A /etc/init.d/procps
A /etc/init.d/rsync
A /etc/init.d/screen-cleanup
A /etc/init.d/sysstat
A /etc/init.d/ufw
A /etc/init.d/unattended-upgrades
A /etc/init.d/uuidd
A /etc/init.d/grub-common
A /etc/init.d/ssh
A /etc/init.d/rpcbind
A /etc/init.d/nfs-common
d /etc/init.d
d /etc/initramfs-tools/conf.d
d /etc/initramfs-tools/hooks
d /etc/initramfs-tools/scripts/init-bottom
d /etc/initramfs-tools/scripts/init-premount
d /etc/initramfs-tools/scripts/init-top
d /etc/initramfs-tools/scripts/local-bottom
d /etc/initramfs-tools/scripts/local-premount
d /etc/initramfs-tools/scripts/local-top
d /etc/initramfs-tools/scripts/nfs-bottom
d /etc/initramfs-tools/scripts/nfs-premount
d /etc/initramfs-tools/scripts/nfs-top
d /etc/initramfs-tools/scripts/panic
d /etc/initramfs-tools/scripts
A /etc/initramfs-tools/initramfs.conf
A /etc/initramfs-tools/modules
A /etc/initramfs-tools/update-initramfs.conf
d /etc/initramfs-tools
A /etc/iproute2/rt_protos.d/README
d /etc/iproute2/rt_protos.d
A /etc/iproute2/rt_tables.d/README
d /etc/iproute2/rt_tables.d
A /etc/iproute2/bpf_pinning
A /etc/iproute2/ematch_map
A /etc/iproute2/group
A /etc/iproute2/nl_protos
A /etc/iproute2/rt_dsfield
A /etc/iproute2/rt_protos
A /etc/iproute2/rt_realms
A /etc/iproute2/rt_scopes
A /etc/iproute2/rt_tables
d /etc/iproute2
A /etc/iscsi/initiatorname.iscsi
A /etc/iscsi/iscsid.conf
d /etc/iscsi
d /etc/kernel/install.d
s /etc/kernel/postinst.d/update-notifier
A /etc/kernel/postinst.d/initramfs-tools
A /etc/kernel/postinst.d/unattended-upgrades
A /etc/kernel/postinst.d/xx-update-initrd-links
A /etc/kernel/postinst.d/zz-update-grub
d /etc/kernel/postinst.d
A /etc/kernel/postrm.d/initramfs-tools
A /etc/kernel/postrm.d/zz-update-grub
d /etc/kernel/postrm.d
A /etc/kernel/preinst.d/intel-microcode
d /etc/kernel/preinst.d
d /etc/kernel
d /etc/landscape
A /etc/ld.so.conf.d/libc.conf
A /etc/ld.so.conf.d/x86_64-linux-gnu.conf
d /etc/ld.so.conf.d
A /etc/ldap/ldap.conf
d /etc/ldap
A /etc/libblockdev/3/conf.d/00-default.cfg
d /etc/libblockdev/3/conf.d
d /etc/libblockdev/3
d /etc/libblockdev
A /etc/libibverbs.d/bnxt_re.driver
A /etc/libibverbs.d/cxgb4.driver
A /etc/libibverbs.d/efa.driver
A /etc/libibverbs.d/erdma.driver
A /etc/libibverbs.d/hfi1verbs.driver
A /etc/libibverbs.d/hns.driver
A /etc/libibverbs.d/ipathverbs.driver
A /etc/libibverbs.d/irdma.driver
A /etc/libibverbs.d/mana.driver
A /etc/libibverbs.d/mlx4.driver
A /etc/libibverbs.d/mlx5.driver
A /etc/libibverbs.d/mthca.driver
A /etc/libibverbs.d/ocrdma.driver
A /etc/libibverbs.d/qedr.driver
A /etc/libibverbs.d/rxe.driver
A /etc/libibverbs.d/siw.driver
A /etc/libibverbs.d/vmw_pvrdma.driver
d /etc/libibverbs.d
A /etc/libnl-3/classid
A /etc/libnl-3/pktloc
d /etc/libnl-3
A /etc/logcheck/ignore.d.server/gpg-agent
A /etc/logcheck/ignore.d.server/mdadm
A /etc/logcheck/ignore.d.server/rsyslog
d /etc/logcheck/ignore.d.server
A /etc/logcheck/violations.d/mdadm
d /etc/logcheck/violations.d
d /etc/logcheck
A /etc/logrotate.d/alternatives
A /etc/logrotate.d/apport
A /etc/logrotate.d/apt
A /etc/logrotate.d/bootlog
A /etc/logrotate.d/btmp
A /etc/logrotate.d/cloud-init
A /etc/logrotate.d/dpkg
A /etc/logrotate.d/rsyslog
A /etc/logrotate.d/ubuntu-pro-client
A /etc/logrotate.d/ufw
A /etc/logrotate.d/unattended-upgrades
A /etc/logrotate.d/wtmp
d /etc/logrotate.d
A /etc/lvm/profile/cache-mq.profile
A /etc/lvm/profile/cache-smq.profile
A /etc/lvm/profile/command_profile_template.profile
A /etc/lvm/profile/lvmdbusd.profile
A /etc/lvm/profile/metadata_profile_template.profile
A /etc/lvm/profile/thin-generic.profile
A /etc/lvm/profile/thin-performance.profile
A /etc/lvm/profile/vdo-small.profile
d /etc/lvm/profile
A /etc/lvm/lvm.conf
A /etc/lvm/lvmlocal.conf
A /etc/lvm/archive/ubuntu-vg_00000-169423691.vg
A /etc/lvm/archive/ubuntu-vg_00001-1887468420.vg
d /etc/lvm/archive
A /etc/lvm/backup/ubuntu-M
d /etc/lvm/backup
d /etc/lvm
A /etc/mdadm/mdadm.conf
d /etc/mdadm
A /etc/modprobe.d/blacklist-ath_pci.conf
A /etc/modprobe.d/blacklist-firewire.conf
A /etc/modprobe.d/blacklist-framebuffer.conf
A /etc/modprobe.d/blacklist-rare-network.conf
A /etc/modprobe.d/blacklist.conf
A /etc/modprobe.d/iwlwifi.conf
A /etc/modprobe.d/mdadm.conf
A /etc/modprobe.d/intel-microcode-blacklist.conf
A /etc/modprobe.d/amd64-microcode-blacklist.conf
d /etc/modprobe.d
s /etc/modules-load.d/modules.conf
d /etc/modules-load.d
A /etc/needrestart/conf.d/README.needrestart
d /etc/needrestart/conf.d
A /etc/needrestart/hook.d/10-dpkg
A /etc/needrestart/hook.d/20-rpm
A /etc/needrestart/hook.d/90-none
d /etc/needrestart/hook.d
A /etc/needrestart/notify.d/200-write
A /etc/needrestart/notify.d/400-notify-send
A /etc/needrestart/notify.d/600-mail
A /etc/needrestart/notify.d/README.needrestart
d /etc/needrestart/notify.d
A /etc/needrestart/restart.d/README.needrestart
A /etc/needrestart/restart.d/dbus.service
A /etc/needrestart/restart.d/systemd-manager
A /etc/needrestart/restart.d/sysv-init
d /etc/needrestart/restart.d
A /etc/needrestart/iucode.sh
A /etc/needrestart/needrestart.conf
A /etc/needrestart/notify.conf
d /etc/needrestart
A /etc/netplan/50-cloud-init.yaml
A /etc/netplan/60-static-networkd.yaml
d /etc/netplan
A /etc/network/if-pre-up.d/ethtool
d /etc/network/if-pre-up.d
A /etc/network/if-up.d/ethtool
d /etc/network/if-up.d
d /etc/network
d /etc/networkd-dispatcher/carrier.d
d /etc/networkd-dispatcher/degraded.d
d /etc/networkd-dispatcher/dormant.d
d /etc/networkd-dispatcher/no-carrier.d
d /etc/networkd-dispatcher/off.d
d /etc/networkd-dispatcher/routable.d
d /etc/networkd-dispatcher
s /etc/newt/palette
A /etc/newt/palette.original
A /etc/newt/palette.ubuntu
d /etc/newt
d /etc/opt
A /etc/pam.d/chfn
A /etc/pam.d/chpasswd
A /etc/pam.d/chsh
A /etc/pam.d/common-password
A /etc/pam.d/common-account
A /etc/pam.d/common-session
A /etc/pam.d/common-session-noninteractive
A /etc/pam.d/cron
A /etc/pam.d/login
A /etc/pam.d/newusers
A /etc/pam.d/other
A /etc/pam.d/passwd
A /etc/pam.d/runuser
A /etc/pam.d/runuser-l
A /etc/pam.d/su
A /etc/pam.d/su-l
A /etc/pam.d/sudo
A /etc/pam.d/sudo-i
A /etc/pam.d/vmtoolsd
A /etc/pam.d/sshd
A /etc/pam.d/common-auth
d /etc/pam.d
A /etc/perl/Net/libnet.cfg
d /etc/perl/Net
d /etc/perl
A /etc/pki/fwupd-metadata/GPG-KEY-Linux-Foundation-Metadata
A /etc/pki/fwupd-metadata/GPG-KEY-Linux-Vendor-Firmware-Service
A /etc/pki/fwupd-metadata/LVFS-CA.pem
d /etc/pki/fwupd-metadata
A /etc/pki/fwupd/GPG-KEY-Linux-Foundation-Firmware
A /etc/pki/fwupd/GPG-KEY-Linux-Vendor-Firmware-Service
A /etc/pki/fwupd/LVFS-CA.pem
d /etc/pki/fwupd
d /etc/pki
d /etc/plymouth
A /etc/pm/sleep.d/10_unattended-upgrades-hibernate
A /etc/pm/sleep.d/10_grub-common
d /etc/pm/sleep.d
d /etc/pm
d /etc/polkit-1/rules.d
d /etc/polkit-1
A /etc/pollinate/entropy.ubuntu.com.pem
A /etc/pollinate/add-user-agent
d /etc/pollinate
A /etc/profile.d/01-locale-fix.sh
A /etc/profile.d/Z97-byobu.sh
A /etc/profile.d/Z99-cloud-locale-test.sh
A /etc/profile.d/Z99-cloudinit-warnings.sh
A /etc/profile.d/apps-bin-path.sh
A /etc/profile.d/bash_completion.sh
A /etc/profile.d/gawk.csh
A /etc/profile.d/gawk.sh
d /etc/profile.d
A /etc/python3.12/sitecustomize.py
d /etc/python3.12
A /etc/python3/debian_config
d /etc/python3
s /etc/rc0.d/K01cryptdisks
s /etc/rc0.d/K01cryptdisks-early
s /etc/rc0.d/K01iscsid
s /etc/rc0.d/K01open-iscsi
s /etc/rc0.d/K01open-vm-tools
s /etc/rc0.d/K01plymouth
s /etc/rc0.d/K01unattended-upgrades
s /etc/rc0.d/K01uuidd
s /etc/rc0.d/K01rpcbind
s /etc/rc0.d/K01nfs-common
d /etc/rc0.d
s /etc/rc1.d/K01iscsid
s /etc/rc1.d/K01open-iscsi
s /etc/rc1.d/K01open-vm-tools
s /etc/rc1.d/K01ufw
s /etc/rc1.d/K01uuidd
s /etc/rc1.d/K01nfs-common
d /etc/rc1.d
s /etc/rc2.d/S01apport
s /etc/rc2.d/S01console-setup.sh
s /etc/rc2.d/S01cron
s /etc/rc2.d/S01dbus
s /etc/rc2.d/S01open-vm-tools
s /etc/rc2.d/S01plymouth
s /etc/rc2.d/S01rsync
s /etc/rc2.d/S01sysstat
s /etc/rc2.d/S01unattended-upgrades
s /etc/rc2.d/S01uuidd
s /etc/rc2.d/S01grub-common
s /etc/rc2.d/S01ssh
d /etc/rc2.d
s /etc/rc3.d/S01apport
s /etc/rc3.d/S01console-setup.sh
s /etc/rc3.d/S01cron
s /etc/rc3.d/S01dbus
s /etc/rc3.d/S01open-vm-tools
s /etc/rc3.d/S01plymouth
s /etc/rc3.d/S01rsync
s /etc/rc3.d/S01sysstat
s /etc/rc3.d/S01unattended-upgrades
s /etc/rc3.d/S01uuidd
s /etc/rc3.d/S01grub-common
s /etc/rc3.d/S01ssh
d /etc/rc3.d
s /etc/rc4.d/S01apport
s /etc/rc4.d/S01console-setup.sh
s /etc/rc4.d/S01cron
s /etc/rc4.d/S01dbus
s /etc/rc4.d/S01open-vm-tools
s /etc/rc4.d/S01plymouth
s /etc/rc4.d/S01rsync
s /etc/rc4.d/S01sysstat
s /etc/rc4.d/S01unattended-upgrades
s /etc/rc4.d/S01uuidd
s /etc/rc4.d/S01grub-common
s /etc/rc4.d/S01ssh
d /etc/rc4.d
s /etc/rc5.d/S01apport
s /etc/rc5.d/S01console-setup.sh
s /etc/rc5.d/S01cron
s /etc/rc5.d/S01dbus
s /etc/rc5.d/S01open-vm-tools
s /etc/rc5.d/S01plymouth
s /etc/rc5.d/S01rsync
s /etc/rc5.d/S01sysstat
s /etc/rc5.d/S01unattended-upgrades
s /etc/rc5.d/S01uuidd
s /etc/rc5.d/S01grub-common
s /etc/rc5.d/S01ssh
d /etc/rc5.d
s /etc/rc6.d/K01cryptdisks
s /etc/rc6.d/K01cryptdisks-early
s /etc/rc6.d/K01iscsid
s /etc/rc6.d/K01open-iscsi
s /etc/rc6.d/K01open-vm-tools
s /etc/rc6.d/K01plymouth
s /etc/rc6.d/K01unattended-upgrades
s /etc/rc6.d/K01uuidd
s /etc/rc6.d/K01rpcbind
s /etc/rc6.d/K01nfs-common
d /etc/rc6.d
s /etc/rcS.d/K01iscsid
s /etc/rcS.d/K01open-iscsi
s /etc/rcS.d/S01apparmor
s /etc/rcS.d/S01cryptdisks
s /etc/rcS.d/S01cryptdisks-early
s /etc/rcS.d/S01keyboard-setup.sh
s /etc/rcS.d/S01kmod
s /etc/rcS.d/S01plymouth-log
s /etc/rcS.d/S01procps
s /etc/rcS.d/S01screen-cleanup
s /etc/rcS.d/S01ufw
s /etc/rcS.d/S01rpcbind
s /etc/rcS.d/S01nfs-common
d /etc/rcS.d
A /etc/rsyslog.d/20-ufw.conf
A /etc/rsyslog.d/21-cloudinit.conf
A /etc/rsyslog.d/50-default.conf
d /etc/rsyslog.d
d /etc/security/limits.d
d /etc/security/namespace.d
A /etc/security/access.conf
A /etc/security/capability.conf
A /etc/security/faillock.conf
A /etc/security/group.conf
A /etc/security/limits.conf
A /etc/security/namespace.conf
A /etc/security/namespace.init
A /etc/security/opasswd
A /etc/security/pam_env.conf
A /etc/security/pwhistory.conf
A /etc/security/sepermit.conf
A /etc/security/time.conf
d /etc/security
A /etc/selinux/semanage.conf
d /etc/selinux
A /etc/sensors.d/.placeholder
d /etc/sensors.d
s /etc/sgml/catalog
A /etc/sgml/xml-core.cat
d /etc/sgml
A /etc/skel/.bash_logout
A /etc/skel/.bashrc
A /etc/skel/.profile
d /etc/skel
d /etc/sos/cleaner
d /etc/sos/extras.d
d /etc/sos/groups.d
d /etc/sos/presets.d
A /etc/sos/sos.conf
d /etc/sos
d /etc/ssh/ssh_config.d
A /etc/ssh/ssh_host_rsa_key
A /etc/ssh/ssh_config
A /etc/ssh/ssh_host_rsa_key.pub
A /etc/ssh/ssh_host_ecdsa_key
A /etc/ssh/ssh_host_ecdsa_key.pub
A /etc/ssh/ssh_host_ed25519_key
A /etc/ssh/ssh_host_ed25519_key.pub
A /etc/ssh/moduli
d /etc/ssh/sshd_config.d
A /etc/ssh/ssh_import_id
A /etc/ssh/sshd_config
d /etc/ssh
s /etc/ssl/certs/002c0b4f.0
s /etc/ssl/certs/0179095f.0
s /etc/ssl/certs/02265526.0
s /etc/ssl/certs/062cdee6.0
s /etc/ssl/certs/064e0aa9.0
s /etc/ssl/certs/06dc52d5.0
s /etc/ssl/certs/08063a00.0
s /etc/ssl/certs/09789157.0
s /etc/ssl/certs/0a775a30.0
s /etc/ssl/certs/0b1b94ef.0
s /etc/ssl/certs/0b9bc432.0
s /etc/ssl/certs/0bf05006.0
s /etc/ssl/certs/0f5dc4f3.0
s /etc/ssl/certs/0f6fa695.0
s /etc/ssl/certs/1001acf7.0
s /etc/ssl/certs/106f3e4d.0
s /etc/ssl/certs/14bc7599.0
s /etc/ssl/certs/18856ac4.0
s /etc/ssl/certs/1cef98f5.0
s /etc/ssl/certs/1d3472b9.0
s /etc/ssl/certs/1e08bfd1.0
s /etc/ssl/certs/1e09d511.0
s /etc/ssl/certs/228f89db.0
s /etc/ssl/certs/244b5494.0
s /etc/ssl/certs/2923b3f9.0
s /etc/ssl/certs/2ae6433e.0
s /etc/ssl/certs/2b349938.0
s /etc/ssl/certs/32888f65.0
s /etc/ssl/certs/3513523f.0
s /etc/ssl/certs/3bde41ac.0
s /etc/ssl/certs/3e359ba6.0
s /etc/ssl/certs/3fb36b73.0
s /etc/ssl/certs/40193066.0
s /etc/ssl/certs/4042bcee.0
s /etc/ssl/certs/40547a79.0
s /etc/ssl/certs/406c9bb1.0
s /etc/ssl/certs/48bec511.0
s /etc/ssl/certs/4b718d9b.0
s /etc/ssl/certs/4bfab552.0
s /etc/ssl/certs/4f316efb.0
s /etc/ssl/certs/4fd49c6c.0
s /etc/ssl/certs/5443e9e3.0
s /etc/ssl/certs/54657681.0
s /etc/ssl/certs/57bcb2da.0
s /etc/ssl/certs/5860aaa6.0
s /etc/ssl/certs/5931b5bc.0
s /etc/ssl/certs/5ad8a5d6.0
s /etc/ssl/certs/5cd81ad7.0
s /etc/ssl/certs/5e98733a.0
s /etc/ssl/certs/5f15c80c.0
s /etc/ssl/certs/5f618aec.0
s /etc/ssl/certs/607986c7.0
s /etc/ssl/certs/626dceaf.0
s /etc/ssl/certs/653b494a.0
s /etc/ssl/certs/68dd7389.0
s /etc/ssl/certs/6b99d060.0
s /etc/ssl/certs/6d41d539.0
s /etc/ssl/certs/6fa5da56.0
s /etc/ssl/certs/706f604c.0
s /etc/ssl/certs/749e9e03.0
s /etc/ssl/certs/75d1b2ed.0
s /etc/ssl/certs/76faf6c0.0
s /etc/ssl/certs/7719f463.0
s /etc/ssl/certs/773e07ad.0
s /etc/ssl/certs/7a3adc42.0
s /etc/ssl/certs/7a780d93.0
s /etc/ssl/certs/7f3d5d1d.0
s /etc/ssl/certs/8160b96c.0
s /etc/ssl/certs/81f2d2b1.0
s /etc/ssl/certs/8312c4c1.0
s /etc/ssl/certs/8508e720.0
s /etc/ssl/certs/865fbdf9.0
s /etc/ssl/certs/8cb5ee0f.0
s /etc/ssl/certs/8d86cdd1.0
s /etc/ssl/certs/8d89cda1.0
s /etc/ssl/certs/8f103249.0
s /etc/ssl/certs/9046744a.0
s /etc/ssl/certs/90c5a3c8.0
s /etc/ssl/certs/930ac5d2.0
s /etc/ssl/certs/93bc0acc.0
s /etc/ssl/certs/9482e63a.0
s /etc/ssl/certs/9846683b.0
s /etc/ssl/certs/988a38cb.0
s /etc/ssl/certs/9b46e03d.0
s /etc/ssl/certs/9b5697b0.0
s /etc/ssl/certs/9bf03295.0
s /etc/ssl/certs/9c8dfbd4.0
s /etc/ssl/certs/9d04f354.0
s /etc/ssl/certs/9ef4a08a.0
s /etc/ssl/certs/9f727ac7.0
s /etc/ssl/certs/ACCVRAIZ1.pem
s /etc/ssl/certs/AC_RAIZ_FNMT-RCM.pem
s /etc/ssl/certs/AC_RAIZ_FNMT-RCM_SERVIDORES_SEGUROS.pem
s /etc/ssl/certs/ANF_Secure_Server_Root_CA.pem
s /etc/ssl/certs/Actalis_Authentication_Root_CA.pem
s /etc/ssl/certs/AffirmTrust_Commercial.pem
s /etc/ssl/certs/AffirmTrust_Networking.pem
s /etc/ssl/certs/AffirmTrust_Premium.pem
s /etc/ssl/certs/AffirmTrust_Premium_ECC.pem
s /etc/ssl/certs/Amazon_Root_CA_1.pem
s /etc/ssl/certs/Amazon_Root_CA_2.pem
s /etc/ssl/certs/Amazon_Root_CA_3.pem
s /etc/ssl/certs/Amazon_Root_CA_4.pem
s /etc/ssl/certs/Atos_TrustedRoot_2011.pem
s /etc/ssl/certs/Atos_TrustedRoot_Root_CA_ECC_TLS_2021.pem
s /etc/ssl/certs/Atos_TrustedRoot_Root_CA_RSA_TLS_2021.pem
s /etc/ssl/certs/Autoridad_de_Certificacion_Firmaprofesional_CIF_A62634068.pem
s /etc/ssl/certs/BJCA_Global_Root_CA1.pem
s /etc/ssl/certs/BJCA_Global_Root_CA2.pem
s /etc/ssl/certs/Baltimore_CyberTrust_Root.pem
s /etc/ssl/certs/Buypass_Class_2_Root_CA.pem
s /etc/ssl/certs/Buypass_Class_3_Root_CA.pem
s /etc/ssl/certs/CA_Disig_Root_R2.pem
s /etc/ssl/certs/CFCA_EV_ROOT.pem
s /etc/ssl/certs/COMODO_Certification_Authority.pem
s /etc/ssl/certs/COMODO_ECC_Certification_Authority.pem
s /etc/ssl/certs/COMODO_RSA_Certification_Authority.pem
s /etc/ssl/certs/Certainly_Root_E1.pem
s /etc/ssl/certs/Certainly_Root_R1.pem
s /etc/ssl/certs/Certigna.pem
s /etc/ssl/certs/Certigna_Root_CA.pem
s /etc/ssl/certs/Certum_EC-384_CA.pem
s /etc/ssl/certs/Certum_Trusted_Network_CA.pem
s /etc/ssl/certs/Certum_Trusted_Network_CA_2.pem
s /etc/ssl/certs/Certum_Trusted_Root_CA.pem
s /etc/ssl/certs/CommScope_Public_Trust_ECC_Root-01.pem
s /etc/ssl/certs/CommScope_Public_Trust_ECC_Root-02.pem
s /etc/ssl/certs/CommScope_Public_Trust_RSA_Root-01.pem
s /etc/ssl/certs/CommScope_Public_Trust_RSA_Root-02.pem
s /etc/ssl/certs/Comodo_AAA_Services_root.pem
s /etc/ssl/certs/D-TRUST_BR_Root_CA_1_2020.pem
s /etc/ssl/certs/D-TRUST_EV_Root_CA_1_2020.pem
s /etc/ssl/certs/D-TRUST_Root_Class_3_CA_2_2009.pem
s /etc/ssl/certs/D-TRUST_Root_Class_3_CA_2_EV_2009.pem
s /etc/ssl/certs/DigiCert_Assured_ID_Root_CA.pem
s /etc/ssl/certs/DigiCert_Assured_ID_Root_G2.pem
s /etc/ssl/certs/DigiCert_Assured_ID_Root_G3.pem
s /etc/ssl/certs/DigiCert_Global_Root_CA.pem
s /etc/ssl/certs/DigiCert_Global_Root_G2.pem
s /etc/ssl/certs/DigiCert_Global_Root_G3.pem
s /etc/ssl/certs/DigiCert_High_Assurance_EV_Root_CA.pem
s /etc/ssl/certs/DigiCert_TLS_ECC_P384_Root_G5.pem
s /etc/ssl/certs/DigiCert_TLS_RSA4096_Root_G5.pem
s /etc/ssl/certs/DigiCert_Trusted_Root_G4.pem
s /etc/ssl/certs/Entrust.net_Premium_2048_Secure_Server_CA.pem
s /etc/ssl/certs/Entrust_Root_Certification_Authority.pem
s /etc/ssl/certs/Entrust_Root_Certification_Authority_-_EC1.pem
s /etc/ssl/certs/Entrust_Root_Certification_Authority_-_G2.pem
s /etc/ssl/certs/Entrust_Root_Certification_Authority_-_G4.pem
s /etc/ssl/certs/GDCA_TrustAUTH_R5_ROOT.pem
s /etc/ssl/certs/GLOBALTRUST_2020.pem
s /etc/ssl/certs/GTS_Root_R1.pem
s /etc/ssl/certs/GTS_Root_R2.pem
s /etc/ssl/certs/GTS_Root_R3.pem
s /etc/ssl/certs/GTS_Root_R4.pem
s /etc/ssl/certs/GlobalSign_ECC_Root_CA_-_R4.pem
s /etc/ssl/certs/GlobalSign_ECC_Root_CA_-_R5.pem
s /etc/ssl/certs/GlobalSign_Root_CA.pem
s /etc/ssl/certs/GlobalSign_Root_CA_-_R3.pem
s /etc/ssl/certs/GlobalSign_Root_CA_-_R6.pem
s /etc/ssl/certs/GlobalSign_Root_E46.pem
s /etc/ssl/certs/GlobalSign_Root_R46.pem
s /etc/ssl/certs/Go_Daddy_Class_2_CA.pem
s /etc/ssl/certs/Go_Daddy_Root_Certificate_Authority_-_G2.pem
s /etc/ssl/certs/HARICA_TLS_ECC_Root_CA_2021.pem
s /etc/ssl/certs/HARICA_TLS_RSA_Root_CA_2021.pem
s /etc/ssl/certs/Hellenic_Academic_and_Research_Institutions_ECC_RootCA_2015.pem
s /etc/ssl/certs/Hellenic_Academic_and_Research_Institutions_RootCA_2015.pem
s /etc/ssl/certs/HiPKI_Root_CA_-_G1.pem
s /etc/ssl/certs/Hongkong_Post_Root_CA_3.pem
s /etc/ssl/certs/ISRG_Root_X1.pem
s /etc/ssl/certs/ISRG_Root_X2.pem
s /etc/ssl/certs/IdenTrust_Commercial_Root_CA_1.pem
s /etc/ssl/certs/IdenTrust_Public_Sector_Root_CA_1.pem
s /etc/ssl/certs/Izenpe.com.pem
s /etc/ssl/certs/Microsec_e-Szigno_Root_CA_2009.pem
s /etc/ssl/certs/Microsoft_ECC_Root_Certificate_Authority_2017.pem
s /etc/ssl/certs/Microsoft_RSA_Root_Certificate_Authority_2017.pem
s /etc/ssl/certs/NAVER_Global_Root_Certification_Authority.pem
s /etc/ssl/certs/NetLock_Arany_=Class_Gold=_Főtanúsítvány.pem
s /etc/ssl/certs/OISTE_WISeKey_Global_Root_GB_CA.pem
s /etc/ssl/certs/OISTE_WISeKey_Global_Root_GC_CA.pem
s /etc/ssl/certs/QuoVadis_Root_CA_1_G3.pem
s /etc/ssl/certs/QuoVadis_Root_CA_2.pem
s /etc/ssl/certs/QuoVadis_Root_CA_2_G3.pem
s /etc/ssl/certs/QuoVadis_Root_CA_3.pem
s /etc/ssl/certs/QuoVadis_Root_CA_3_G3.pem
s /etc/ssl/certs/SSL.com_EV_Root_Certification_Authority_ECC.pem
s /etc/ssl/certs/SSL.com_EV_Root_Certification_Authority_RSA_R2.pem
s /etc/ssl/certs/SSL.com_Root_Certification_Authority_ECC.pem
s /etc/ssl/certs/SSL.com_Root_Certification_Authority_RSA.pem
s /etc/ssl/certs/SSL.com_TLS_ECC_Root_CA_2022.pem
s /etc/ssl/certs/SSL.com_TLS_RSA_Root_CA_2022.pem
s /etc/ssl/certs/SZAFIR_ROOT_CA2.pem
s /etc/ssl/certs/Sectigo_Public_Server_Authentication_Root_E46.pem
s /etc/ssl/certs/Sectigo_Public_Server_Authentication_Root_R46.pem
s /etc/ssl/certs/SecureSign_RootCA11.pem
s /etc/ssl/certs/SecureTrust_CA.pem
s /etc/ssl/certs/Secure_Global_CA.pem
s /etc/ssl/certs/Security_Communication_ECC_RootCA1.pem
s /etc/ssl/certs/Security_Communication_RootCA2.pem
s /etc/ssl/certs/Security_Communication_RootCA3.pem
s /etc/ssl/certs/Security_Communication_Root_CA.pem
s /etc/ssl/certs/Starfield_Class_2_CA.pem
s /etc/ssl/certs/Starfield_Root_Certificate_Authority_-_G2.pem
s /etc/ssl/certs/Starfield_Services_Root_Certificate_Authority_-_G2.pem
s /etc/ssl/certs/SwissSign_Gold_CA_-_G2.pem
s /etc/ssl/certs/SwissSign_Silver_CA_-_G2.pem
s /etc/ssl/certs/T-TeleSec_GlobalRoot_Class_2.pem
s /etc/ssl/certs/T-TeleSec_GlobalRoot_Class_3.pem
s /etc/ssl/certs/TUBITAK_Kamu_SM_SSL_Kok_Sertifikasi_-_Surum_1.pem
s /etc/ssl/certs/TWCA_Global_Root_CA.pem
s /etc/ssl/certs/TWCA_Root_Certification_Authority.pem
s /etc/ssl/certs/TeliaSonera_Root_CA_v1.pem
s /etc/ssl/certs/Telia_Root_CA_v2.pem
s /etc/ssl/certs/TrustAsia_Global_Root_CA_G3.pem
s /etc/ssl/certs/TrustAsia_Global_Root_CA_G4.pem
s /etc/ssl/certs/Trustwave_Global_Certification_Authority.pem
s /etc/ssl/certs/Trustwave_Global_ECC_P256_Certification_Authority.pem
s /etc/ssl/certs/Trustwave_Global_ECC_P384_Certification_Authority.pem
s /etc/ssl/certs/TunTrust_Root_CA.pem
s /etc/ssl/certs/UCA_Extended_Validation_Root.pem
s /etc/ssl/certs/UCA_Global_G2_Root.pem
s /etc/ssl/certs/USERTrust_ECC_Certification_Authority.pem
s /etc/ssl/certs/USERTrust_RSA_Certification_Authority.pem
s /etc/ssl/certs/XRamp_Global_CA_Root.pem
s /etc/ssl/certs/a3418fda.0
s /etc/ssl/certs/a89d74c2.0
s /etc/ssl/certs/a94d09e5.0
s /etc/ssl/certs/aee5f10d.0
s /etc/ssl/certs/b0e59380.0
s /etc/ssl/certs/b1159c4c.0
s /etc/ssl/certs/b433981b.0
s /etc/ssl/certs/b66938e9.0
s /etc/ssl/certs/b727005e.0
s /etc/ssl/certs/b7a5b843.0
s /etc/ssl/certs/b81b93f0.0
s /etc/ssl/certs/bf53fb88.0
s /etc/ssl/certs/c01eb047.0
s /etc/ssl/certs/c28a8a30.0
s /etc/ssl/certs/ca6e4ad9.0
s /etc/ssl/certs/cbf06781.0
s /etc/ssl/certs/cc450945.0
s /etc/ssl/certs/cd58d51e.0
s /etc/ssl/certs/cd8c0d63.0
s /etc/ssl/certs/ce5e74ef.0
s /etc/ssl/certs/certSIGN_ROOT_CA.pem
s /etc/ssl/certs/certSIGN_Root_CA_G2.pem
s /etc/ssl/certs/d4dae3dd.0
s /etc/ssl/certs/d52c538d.0
s /etc/ssl/certs/d6325660.0
s /etc/ssl/certs/d7e8dc79.0
s /etc/ssl/certs/d887a5bb.0
s /etc/ssl/certs/da0cfd1d.0
s /etc/ssl/certs/dc4d6a89.0
s /etc/ssl/certs/dd8e9d41.0
s /etc/ssl/certs/de6d66f3.0
s /etc/ssl/certs/e-Szigno_Root_CA_2017.pem
s /etc/ssl/certs/e113c810.0
s /etc/ssl/certs/e18bfb83.0
s /etc/ssl/certs/e35234b1.0
s /etc/ssl/certs/e36a6752.0
s /etc/ssl/certs/e73d606e.0
s /etc/ssl/certs/e868b802.0
s /etc/ssl/certs/e8de2f56.0
s /etc/ssl/certs/ePKI_Root_Certification_Authority.pem
s /etc/ssl/certs/ecccd8db.0
s /etc/ssl/certs/ed858448.0
s /etc/ssl/certs/ee64a828.0
s /etc/ssl/certs/eed8c118.0
s /etc/ssl/certs/ef954a4e.0
s /etc/ssl/certs/emSign_ECC_Root_CA_-_C3.pem
s /etc/ssl/certs/emSign_ECC_Root_CA_-_G3.pem
s /etc/ssl/certs/emSign_Root_CA_-_C1.pem
s /etc/ssl/certs/emSign_Root_CA_-_G1.pem
s /etc/ssl/certs/f081611a.0
s /etc/ssl/certs/f0c70a8d.0
s /etc/ssl/certs/f249de83.0
s /etc/ssl/certs/f30dd6ad.0
s /etc/ssl/certs/f3377b1b.0
s /etc/ssl/certs/f387163d.0
s /etc/ssl/certs/f39fc864.0
s /etc/ssl/certs/f51bb24c.0
s /etc/ssl/certs/fa5da96b.0
s /etc/ssl/certs/fb717492.0
s /etc/ssl/certs/fc5a8f99.0
s /etc/ssl/certs/fd64f3fc.0
s /etc/ssl/certs/fe8a2cd8.0
s /etc/ssl/certs/feffd413.0
s /etc/ssl/certs/ff34af3f.0
s /etc/ssl/certs/vTrus_ECC_Root_CA.pem
s /etc/ssl/certs/vTrus_Root_CA.pem
A /etc/ssl/certs/ca-certificates.crt
d /etc/ssl/certs
d /etc/ssl/private
A /etc/ssl/openssl.cnf
d /etc/ssl
A /etc/sudoers.d/README
d /etc/sudoers.d
A /etc/supercat/spcrc-crontab
A /etc/supercat/spcrc-crontab-light
d /etc/supercat
s /etc/sysctl.d/99-sysctl.conf
A /etc/sysctl.d/10-bufferbloat.conf
A /etc/sysctl.d/10-console-messages.conf
A /etc/sysctl.d/10-ipv6-privacy.conf
A /etc/sysctl.d/10-kernel-hardening.conf
A /etc/sysctl.d/10-magic-sysrq.conf
A /etc/sysctl.d/10-map-count.conf
A /etc/sysctl.d/10-network-security.conf
A /etc/sysctl.d/10-ptrace.conf
A /etc/sysctl.d/10-zeropage.conf
A /etc/sysctl.d/README.sysctl
d /etc/sysctl.d
A /etc/sysstat/sysstat
A /etc/sysstat/sysstat.ioconf
d /etc/sysstat
d /etc/systemd/network
s /etc/systemd/system-generators/systemd-gpt-auto-generator
d /etc/systemd/system-generators
s /etc/systemd/system/dbus-org.freedesktop.thermald.service
s /etc/systemd/system/dbus-org.freedesktop.ModemManager1.service
s /etc/systemd/system/dbus-org.freedesktop.resolve1.service
s /etc/systemd/system/dbus-org.freedesktop.timesync1.service
s /etc/systemd/system/iscsi.service
s /etc/systemd/system/syslog.service
s /etc/systemd/system/vmtoolsd.service
s /etc/systemd/system/cloud-config.target.wants/cloud-init-hotplugd.socket
d /etc/systemd/system/cloud-config.target.wants
s /etc/systemd/system/cloud-final.service.wants/snapd.seeded.service
d /etc/systemd/system/cloud-final.service.wants
s /etc/systemd/system/cloud-init.target.wants/cloud-config.service
s /etc/systemd/system/cloud-init.target.wants/cloud-final.service
s /etc/systemd/system/cloud-init.target.wants/cloud-init-local.service
s /etc/systemd/system/cloud-init.target.wants/cloud-init.service
d /etc/systemd/system/cloud-init.target.wants
s /etc/systemd/system/display-manager.service.wants/gpu-manager.service
d /etc/systemd/system/display-manager.service.wants
s /etc/systemd/system/final.target.wants/snapd.system-shutdown.service
d /etc/systemd/system/final.target.wants
s /etc/systemd/system/getty.target.wants/getty@tty1.service
d /etc/systemd/system/getty.target.wants
s /etc/systemd/system/graphical.target.wants/udisks2.service
d /etc/systemd/system/graphical.target.wants
s /etc/systemd/system/mdmonitor.service.wants/mdcheck_continue.timer
s /etc/systemd/system/mdmonitor.service.wants/mdcheck_start.timer
s /etc/systemd/system/mdmonitor.service.wants/mdmonitor-oneshot.timer
d /etc/systemd/system/mdmonitor.service.wants
s /etc/systemd/system/multi-user.target.wants/ModemManager.service
s /etc/systemd/system/multi-user.target.wants/apport.service
s /etc/systemd/system/multi-user.target.wants/console-setup.service
s /etc/systemd/system/multi-user.target.wants/cron.service
s /etc/systemd/system/multi-user.target.wants/dmesg.service
s /etc/systemd/system/multi-user.target.wants/e2scrub_reap.service
s /etc/systemd/system/multi-user.target.wants/lxd-installer.socket
s /etc/systemd/system/multi-user.target.wants/networkd-dispatcher.service
s /etc/systemd/system/multi-user.target.wants/open-vm-tools.service
s /etc/systemd/system/multi-user.target.wants/pollinate.service
s /etc/systemd/system/multi-user.target.wants/remote-fs.target
s /etc/systemd/system/multi-user.target.wants/rsyslog.service
s /etc/systemd/system/multi-user.target.wants/secureboot-db.service
s /etc/systemd/system/multi-user.target.wants/snapd.apparmor.service
s /etc/systemd/system/multi-user.target.wants/snapd.autoimport.service
s /etc/systemd/system/multi-user.target.wants/snapd.core-fixup.service
s /etc/systemd/system/multi-user.target.wants/snapd.recovery-chooser-trigger.service
s /etc/systemd/system/multi-user.target.wants/snapd.seeded.service
s /etc/systemd/system/multi-user.target.wants/snapd.service
s /etc/systemd/system/multi-user.target.wants/sysstat.service
s /etc/systemd/system/multi-user.target.wants/systemd-networkd.service
s /etc/systemd/system/multi-user.target.wants/ua-reboot-cmds.service
s /etc/systemd/system/multi-user.target.wants/ubuntu-advantage.service
s /etc/systemd/system/multi-user.target.wants/ufw.service
s /etc/systemd/system/multi-user.target.wants/unattended-upgrades.service
s /etc/systemd/system/multi-user.target.wants/grub-common.service
s /etc/systemd/system/multi-user.target.wants/grub-initrd-fallback.service
s /etc/systemd/system/multi-user.target.wants/thermald.service
s /etc/systemd/system/multi-user.target.wants/ssh.service
s /etc/systemd/system/multi-user.target.wants/rpcbind.service
s /etc/systemd/system/multi-user.target.wants/nfs-client.target
d /etc/systemd/system/multi-user.target.wants
s /etc/systemd/system/network-online.target.wants/systemd-networkd-wait-online.service
d /etc/systemd/system/network-online.target.wants
s /etc/systemd/system/oem-config.service.wants/gpu-manager.service
d /etc/systemd/system/oem-config.service.wants
s /etc/systemd/system/open-vm-tools.service.requires/vgauth.service
d /etc/systemd/system/open-vm-tools.service.requires
s /etc/systemd/system/paths.target.wants/apport-autoreport.path
s /etc/systemd/system/paths.target.wants/tpm-udev.path
d /etc/systemd/system/paths.target.wants
s /etc/systemd/system/sockets.target.wants/apport-forward.socket
s /etc/systemd/system/sockets.target.wants/dm-event.socket
s /etc/systemd/system/sockets.target.wants/iscsid.socket
s /etc/systemd/system/sockets.target.wants/multipathd.socket
s /etc/systemd/system/sockets.target.wants/snapd.socket
s /etc/systemd/system/sockets.target.wants/systemd-networkd.socket
s /etc/systemd/system/sockets.target.wants/uuidd.socket
s /etc/systemd/system/sockets.target.wants/ssh.socket
s /etc/systemd/system/sockets.target.wants/rpcbind.socket
d /etc/systemd/system/sockets.target.wants
s /etc/systemd/system/sysinit.target.wants/apparmor.service
s /etc/systemd/system/sysinit.target.wants/blk-availability.service
s /etc/systemd/system/sysinit.target.wants/finalrd.service
s /etc/systemd/system/sysinit.target.wants/keyboard-setup.service
s /etc/systemd/system/sysinit.target.wants/lvm2-lvmpolld.socket
s /etc/systemd/system/sysinit.target.wants/lvm2-monitor.service
s /etc/systemd/system/sysinit.target.wants/multipathd.service
s /etc/systemd/system/sysinit.target.wants/open-iscsi.service
s /etc/systemd/system/sysinit.target.wants/setvtrgb.service
s /etc/systemd/system/sysinit.target.wants/systemd-pstore.service
s /etc/systemd/system/sysinit.target.wants/systemd-resolved.service
s /etc/systemd/system/sysinit.target.wants/systemd-timesyncd.service
d /etc/systemd/system/sysinit.target.wants
s /etc/systemd/system/sysstat.service.wants/sysstat-collect.timer
s /etc/systemd/system/sysstat.service.wants/sysstat-summary.timer
d /etc/systemd/system/sysstat.service.wants
s /etc/systemd/system/timers.target.wants/apport-autoreport.timer
s /etc/systemd/system/timers.target.wants/apt-daily-upgrade.timer
s /etc/systemd/system/timers.target.wants/apt-daily.timer
s /etc/systemd/system/timers.target.wants/dpkg-db-backup.timer
s /etc/systemd/system/timers.target.wants/e2scrub_all.timer
s /etc/systemd/system/timers.target.wants/fstrim.timer
s /etc/systemd/system/timers.target.wants/fwupd-refresh.timer
s /etc/systemd/system/timers.target.wants/logrotate.timer
s /etc/systemd/system/timers.target.wants/man-db.timer
s /etc/systemd/system/timers.target.wants/motd-news.timer
s /etc/systemd/system/timers.target.wants/snapd.snap-repair.timer
s /etc/systemd/system/timers.target.wants/ua-timer.timer
s /etc/systemd/system/timers.target.wants/update-notifier-download.timer
s /etc/systemd/system/timers.target.wants/update-notifier-motd.timer
d /etc/systemd/system/timers.target.wants
s /etc/systemd/system/suspend.target.wants/grub-common.service
d /etc/systemd/system/suspend.target.wants
s /etc/systemd/system/hibernate.target.wants/grub-common.service
d /etc/systemd/system/hibernate.target.wants
s /etc/systemd/system/hybrid-sleep.target.wants/grub-common.service
d /etc/systemd/system/hybrid-sleep.target.wants
s /etc/systemd/system/suspend-then-hibernate.target.wants/grub-common.service
d /etc/systemd/system/suspend-then-hibernate.target.wants
s /etc/systemd/system/rescue.target.wants/grub-initrd-fallback.service
d /etc/systemd/system/rescue.target.wants
s /etc/systemd/system/emergency.target.wants/grub-initrd-fallback.service
d /etc/systemd/system/emergency.target.wants
s /etc/systemd/system/sleep.target.wants/grub-initrd-fallback.service
d /etc/systemd/system/sleep.target.wants
s /etc/systemd/system/sshd.service
s /etc/systemd/system/ssh.service.requires/ssh.socket
d /etc/systemd/system/ssh.service.requires
s /etc/systemd/system/remote-fs.target.wants/nfs-client.target
d /etc/systemd/system/remote-fs.target.wants
d /etc/systemd/system
s /etc/systemd/user/sockets.target.wants/dirmngr.socket
s /etc/systemd/user/sockets.target.wants/gpg-agent-browser.socket
s /etc/systemd/user/sockets.target.wants/gpg-agent-extra.socket
s /etc/systemd/user/sockets.target.wants/gpg-agent-ssh.socket
s /etc/systemd/user/sockets.target.wants/gpg-agent.socket
s /etc/systemd/user/sockets.target.wants/keyboxd.socket
s /etc/systemd/user/sockets.target.wants/pk-debconf-helper.socket
d /etc/systemd/user/sockets.target.wants
s /etc/systemd/user/timers.target.wants/launchpadlib-cache-clean.timer
d /etc/systemd/user/timers.target.wants
d /etc/systemd/user
A /etc/systemd/journald.conf
A /etc/systemd/logind.conf
A /etc/systemd/networkd.conf
A /etc/systemd/pstore.conf
A /etc/systemd/resolved.conf
A /etc/systemd/sleep.conf
A /etc/systemd/system.conf
A /etc/systemd/timesyncd.conf
A /etc/systemd/user.conf
d /etc/systemd
A /etc/terminfo/README
d /etc/terminfo
A /etc/tmpfiles.d/screen-cleanup.conf
d /etc/tmpfiles.d
A /etc/ubuntu-advantage/uaclient.conf
d /etc/ubuntu-advantage
d /etc/udev/hwdb.d
A /etc/udev/rules.d/ubuntu--vg-ubuntu--lv.rules
d /etc/udev/rules.d
A /etc/udev/iocost.conf
A /etc/udev/udev.conf
d /etc/udev
A /etc/udisks2/mount_options.conf.example
A /etc/udisks2/udisks2.conf
d /etc/udisks2
A /etc/ufw/applications.d/openssh-server
d /etc/ufw/applications.d
A /etc/ufw/after.init
A /etc/ufw/after.rules
A /etc/ufw/after6.rules
A /etc/ufw/before.init
A /etc/ufw/before.rules
A /etc/ufw/before6.rules
A /etc/ufw/sysctl.conf
A /etc/ufw/ufw.conf
A /etc/ufw/user.rules
A /etc/ufw/user6.rules
d /etc/ufw
A /etc/update-manager/release-upgrades.d/ubuntu-advantage-upgrades.cfg
d /etc/update-manager/release-upgrades.d
A /etc/update-manager/meta-release
A /etc/update-manager/release-upgrades
d /etc/update-manager
s /etc/update-motd.d/50-landscape-sysinfo
A /etc/update-motd.d/00-header
A /etc/update-motd.d/10-help-text
A /etc/update-motd.d/50-motd-news
A /etc/update-motd.d/85-fwupd
A /etc/update-motd.d/90-updates-available
A /etc/update-motd.d/91-contract-ua-esm-status
A /etc/update-motd.d/91-release-upgrade
A /etc/update-motd.d/92-unattended-upgrades
A /etc/update-motd.d/95-hwe-eol
A /etc/update-motd.d/97-overlayroot
A /etc/update-motd.d/98-fsck-at-reboot
A /etc/update-motd.d/98-reboot-required
d /etc/update-motd.d
d /etc/update-notifier
d /etc/usb_modeswitch.d
A /etc/vim/vimrc
A /etc/vim/vimrc.tiny
d /etc/vim
A /etc/vmware-tools/scripts/vmware/network
d /etc/vmware-tools/scripts/vmware
d /etc/vmware-tools/scripts
A /etc/vmware-tools/vgauth/schemas/XMLSchema-hasFacetAndProperty.xsd
A /etc/vmware-tools/vgauth/schemas/XMLSchema-instance.xsd
A /etc/vmware-tools/vgauth/schemas/XMLSchema.dtd
A /etc/vmware-tools/vgauth/schemas/XMLSchema.xsd
A /etc/vmware-tools/vgauth/schemas/catalog.xml
A /etc/vmware-tools/vgauth/schemas/datatypes.dtd
A /etc/vmware-tools/vgauth/schemas/saml-schema-assertion-2.0.xsd
A /etc/vmware-tools/vgauth/schemas/xenc-schema.xsd
A /etc/vmware-tools/vgauth/schemas/xml.xsd
A /etc/vmware-tools/vgauth/schemas/xmldsig-core-schema.xsd
d /etc/vmware-tools/vgauth/schemas
d /etc/vmware-tools/vgauth
A /etc/vmware-tools/poweroff-vm-default
A /etc/vmware-tools/poweron-vm-default
A /etc/vmware-tools/resume-vm-default
A /etc/vmware-tools/statechange.subr
A /etc/vmware-tools/suspend-vm-default
A /etc/vmware-tools/tools.conf
A /etc/vmware-tools/vgauth.conf
A /etc/vmware-tools/tools.conf.example
d /etc/vmware-tools
A /etc/xdg/autostart/snap-userd-autostart.desktop
A /etc/xdg/autostart/xdg-user-dirs.desktop
d /etc/xdg/autostart
s /etc/xdg/systemd/user
d /etc/xdg/systemd
A /etc/xdg/user-dirs.conf
A /etc/xdg/user-dirs.defaults
d /etc/xdg
A /etc/xml/catalog
A /etc/xml/catalog.old
A /etc/xml/polkitd.xml
A /etc/xml/polkitd.xml.old
A /etc/xml/xml-core.xml
A /etc/xml/xml-core.xml.old
d /etc/xml
A /etc/.pwd.lock
A /etc/.resolv.conf.systemd-resolved.bak
A /etc/adduser.conf
A /etc/bash.bashrc
A /etc/bash_completion
A /etc/bindresvport.blacklist
A /etc/ca-certificates.conf
A /etc/crontab
A /etc/crypttab
A /etc/debconf.conf
A /etc/debian_version
A /etc/deluser.conf
A /etc/dhcpcd.conf
A /etc/e2scrub.conf
A /etc/environment
A /etc/ethertypes
A /etc/fuse.conf
A /etc/gai.conf
A /etc/gshadow-
A /etc/subuid-
A /etc/hdparm.conf
A /etc/host.conf
A /etc/hosts
A /etc/inputrc
A /etc/issue
A /etc/issue.net
A /etc/fstab
A /etc/ld.so.conf
A /etc/legal
A /etc/libaudit.conf
A /etc/locale.alias
A /etc/locale.conf
A /etc/login.defs
A /etc/logrotate.conf
A /etc/lsb-release
A /etc/machine-id
A /etc/magic
A /etc/magic.mime
A /etc/manpath.config
A /etc/mime.types
A /etc/mke2fs.conf
A /etc/modules
A /etc/multipath.conf
A /etc/nanorc
A /etc/netconfig
A /etc/networks
A /etc/nftables.conf
A /etc/nsswitch.conf
A /etc/overlayroot.conf
A /etc/pam.conf
A /etc/shadow-
A /etc/profile
A /etc/protocols
A /etc/rpc
A /etc/rsyslog.conf
A /etc/screenrc
A /etc/sensors3.conf
A /etc/services
A /etc/ld.so.cache
A /etc/subgid-
A /etc/sudo.conf
A /etc/sudo_logsrvd.conf
A /etc/sudoers
A /etc/sysctl.conf
A /etc/timezone
A /etc/ucf.conf
A /etc/usb_modeswitch.conf
A /etc/wgetrc
A /etc/xattr.conf
A /etc/zsh_command_not_found
A /etc/shells
A /etc/hostname
A /etc/fonts/conf.avail/20-unhint-small-dejavu-lgc-sans-mono.conf
A /etc/fonts/conf.avail/20-unhint-small-dejavu-sans-mono.conf
A /etc/fonts/conf.avail/57-dejavu-sans-mono.conf
A /etc/fonts/conf.avail/58-dejavu-lgc-sans-mono.conf
A /etc/fonts/conf.avail/20-unhint-small-dejavu-lgc-sans.conf
A /etc/fonts/conf.avail/20-unhint-small-dejavu-lgc-serif.conf
A /etc/fonts/conf.avail/20-unhint-small-dejavu-sans.conf
A /etc/fonts/conf.avail/20-unhint-small-dejavu-serif.conf
A /etc/fonts/conf.avail/57-dejavu-sans.conf
A /etc/fonts/conf.avail/57-dejavu-serif.conf
A /etc/fonts/conf.avail/58-dejavu-lgc-sans.conf
A /etc/fonts/conf.avail/58-dejavu-lgc-serif.conf
d /etc/fonts/conf.avail
s /etc/fonts/conf.d/20-unhint-small-dejavu-lgc-sans-mono.conf
s /etc/fonts/conf.d/20-unhint-small-dejavu-sans-mono.conf
s /etc/fonts/conf.d/57-dejavu-sans-mono.conf
s /etc/fonts/conf.d/58-dejavu-lgc-sans-mono.conf
s /etc/fonts/conf.d/20-unhint-small-dejavu-lgc-sans.conf
s /etc/fonts/conf.d/20-unhint-small-dejavu-lgc-serif.conf
s /etc/fonts/conf.d/20-unhint-small-dejavu-sans.conf
s /etc/fonts/conf.d/20-unhint-small-dejavu-serif.conf
s /etc/fonts/conf.d/57-dejavu-sans.conf
s /etc/fonts/conf.d/57-dejavu-serif.conf
s /etc/fonts/conf.d/58-dejavu-lgc-sans.conf
s /etc/fonts/conf.d/58-dejavu-lgc-serif.conf
A /etc/fonts/conf.d/README
s /etc/fonts/conf.d/10-hinting-slight.conf
s /etc/fonts/conf.d/10-scale-bitmap-fonts.conf
s /etc/fonts/conf.d/10-sub-pixel-rgb.conf
s /etc/fonts/conf.d/10-yes-antialias.conf
s /etc/fonts/conf.d/11-lcdfilter-default.conf
s /etc/fonts/conf.d/20-unhint-small-vera.conf
s /etc/fonts/conf.d/30-metric-aliases.conf
s /etc/fonts/conf.d/40-nonlatin.conf
s /etc/fonts/conf.d/45-generic.conf
s /etc/fonts/conf.d/45-latin.conf
s /etc/fonts/conf.d/48-spacing.conf
s /etc/fonts/conf.d/49-sansserif.conf
s /etc/fonts/conf.d/50-user.conf
s /etc/fonts/conf.d/51-local.conf
s /etc/fonts/conf.d/60-generic.conf
s /etc/fonts/conf.d/60-latin.conf
s /etc/fonts/conf.d/65-fonts-persian.conf
s /etc/fonts/conf.d/65-nonlatin.conf
s /etc/fonts/conf.d/69-unifont.conf
s /etc/fonts/conf.d/70-no-bitmaps-except-emoji.conf
s /etc/fonts/conf.d/80-delicious.conf
s /etc/fonts/conf.d/90-synthetic.conf
d /etc/fonts/conf.d
A /etc/fonts/fonts.conf
d /etc/fonts
A /etc/.updated
A /etc/thermald/thermal-cpu-cdev-order.xml
d /etc/thermald
A /etc/UPower/UPower.conf
d /etc/UPower
A /etc/passwd-
A /etc/group-
A /etc/multipath/bindings
A /etc/multipath/wwids
d /etc/multipath
A /etc/hosts.allow
A /etc/locale.gen
A /etc/group
A /etc/gshadow
A /etc/subuid
A /etc/subgid
A /etc/hosts.deny
s /etc/localtime
A /etc/insserv.conf.d/rpcbind
d /etc/insserv.conf.d
d /etc/keyutils
A /etc/request-key.conf
A /etc/request-key.d/id_resolver.conf
d /etc/request-key.d
d /etc/nfs.conf.d
A /etc/shadow
A /etc/idmapd.conf
A /etc/nfs.conf
A /etc/passwd
d /etc
------------------------------------------------------------------------------
Repository: ssh://borg@192.168.56.17/./otusborg
Archive name: etc-2026-06-26_15:47:29
Archive fingerprint: 35a11a55a42f0ca3313efbf0f54c3c2e24e6470d6e15dd00d137a6cce607a0f6
Time (start): Fri, 2026-06-26 15:47:36
Time (end):   Fri, 2026-06-26 15:47:38
Duration: 1.99 seconds
Number of files: 867
Utilization of max. archive size: 0%
------------------------------------------------------------------------------
                       Original size      Compressed size    Deduplicated size
This archive:                2.35 MB              1.02 MB            982.87 kB
All archives:                2.35 MB              1.02 MB              1.06 MB

                       Unique chunks         Total chunks
Chunk index:                     825                  857
------------------------------------------------------------------------------
